DiagnosticsPlugin.exe Information: 0 : [1/8/2018 6:04:23 PM] Starting DiagnosticPlugin.exe DiagnosticPlugin-ShutdownEvent DiagnosticPlugin-TotalShutdownEvent -wadVer1v5
DiagnosticsPlugin.exe Information: 0 : [1/8/2018 6:04:23 PM] Successfully saved IIS Directory state
DiagnosticsPlugin.exe Information: 0 : [1/8/2018 6:04:23 PM] Starting DiagnosticsPlugin
DiagnosticsPlugin.exe Information: 0 : [1/8/2018 6:04:23 PM] Emulator config file set to d:\documents\users\margalda\documents\visual studio 2017\Projects\thoughts4food\thoughts4food\csx\Debug\roles\WorkerRole1\approot\diagnostics.wadcfgx
DiagnosticsPlugin.exe Information: 0 : [1/8/2018 6:04:23 PM] DiagnosticsStoreRootPath set to: d:\documents\users\margalda\documents\visual studio 2017\Projects\thoughts4food\thoughts4food\csx\Debug\roles\WorkerRole1\approot
DiagnosticsPlugin.exe Information: 0 : [1/8/2018 6:04:24 PM] Loading config file: d:\documents\users\margalda\documents\visual studio 2017\Projects\thoughts4food\thoughts4food\csx\Debug\roles\WorkerRole1\approot\diagnostics.wadcfgx
DiagnosticsPlugin.exe Information: 0 : [1/8/2018 6:04:24 PM] Config file to read: d:\documents\users\margalda\documents\visual studio 2017\Projects\thoughts4food\thoughts4food\csx\Debug\roles\WorkerRole1\approot\diagnostics.wadcfgx
DiagnosticsPlugin.exe Information: 0 : [1/8/2018 6:04:24 PM] Checking VM Type
DiagnosticsPlugin.exe Information: 0 : [1/8/2018 6:04:24 PM] Emulator config file set to d:\documents\users\margalda\documents\visual studio 2017\Projects\thoughts4food\thoughts4food\csx\Debug\roles\WorkerRole1\approot\diagnostics.wadcfgx
DiagnosticsPlugin.exe Information: 0 : [1/8/2018 6:04:24 PM] Extension set to Emulator Mode
DiagnosticsPlugin.exe Information: 0 : [1/8/2018 6:04:24 PM] Reading XML configuration file
DiagnosticsPlugin.exe Information: 0 : [1/8/2018 6:04:24 PM] Bypassing private config decryption
DiagnosticsPlugin.exe Information: 0 : [1/8/2018 6:04:24 PM] WadCfg is provided in initial configuration. Using that to initialize Diagnostics.
DiagnosticsPlugin.exe Information: 0 : [1/8/2018 6:04:24 PM] <PublicConfig xmlns="http://schemas.microsoft.com/ServiceHosting/2010/10/DiagnosticsConfiguration">
  <WadCfg>
    <DiagnosticMonitorConfiguration overallQuotaInMB="4096">
      <DiagnosticInfrastructureLogs scheduledTransferLogLevelFilter="Error" />
      <Logs scheduledTransferPeriod="PT1M" scheduledTransferLogLevelFilter="Error" />
      <Directories scheduledTransferPeriod="PT1M">
        <IISLogs containerName="wad-iis-logfiles" />
        <FailedRequestLogs containerName="wad-failedrequestlogs" />
      </Directories>
      <WindowsEventLog scheduledTransferPeriod="PT1M">
        <DataSource name="Application!*[System[(Level=1 or Level=2 or Level=3)]]" />
        <DataSource name="Windows Azure!*[System[(Level=1 or Level=2 or Level=3 or Level=4)]]" />
      </WindowsEventLog>
      <CrashDumps containerName="wad-crashdumps" dumpType="Mini">
        <CrashDumpConfiguration processName="WaIISHost.exe" />
        <CrashDumpConfiguration processName="WaWorkerHost.exe" />
        <CrashDumpConfiguration processName="w3wp.exe" />
      </CrashDumps>
      <PerformanceCounters scheduledTransferPeriod="PT1M">
        <PerformanceCounterConfiguration counterSpecifier="\Memory\Available MBytes" sampleRate="PT3M" />
        <PerformanceCounterConfiguration counterSpecifier="\Web Service(_Total)\ISAPI Extension Requests/sec" sampleRate="PT3M" />
        <PerformanceCounterConfiguration counterSpecifier="\Web Service(_Total)\Bytes Total/Sec" sampleRate="PT3M" />
        <PerformanceCounterConfiguration counterSpecifier="\ASP.NET Applications(__Total__)\Requests/Sec" sampleRate="PT3M" />
        <PerformanceCounterConfiguration counterSpecifier="\ASP.NET Applications(__Total__)\Errors Total/Sec" sampleRate="PT3M" />
        <PerformanceCounterConfiguration counterSpecifier="\ASP.NET\Requests Queued" sampleRate="PT3M" />
        <PerformanceCounterConfiguration counterSpecifier="\ASP.NET\Requests Rejected" sampleRate="PT3M" />
        <PerformanceCounterConfiguration counterSpecifier="\Processor(_Total)\% Processor Time" sampleRate="PT3M" />
      </PerformanceCounters>
    </DiagnosticMonitorConfiguration>
  </WadCfg>
  <StorageAccount>devstoreaccount1</StorageAccount>
</PublicConfig>
DiagnosticsPlugin.exe Information: 0 : [1/8/2018 6:04:24 PM] Private setting is loaded
DiagnosticsPlugin.exe Information: 0 : [1/8/2018 6:04:24 PM] Is config json/xml loaded
DiagnosticsPlugin.exe Information: 0 : [1/8/2018 6:04:24 PM] Checking if configuration needs to be fetched from the storage account and doing so if needed.
DiagnosticsPlugin.exe Information: 0 : [1/8/2018 6:04:24 PM] Successfully created checkpoint file d:\documents\users\margalda\documents\visual studio 2017\Projects\thoughts4food\thoughts4food\csx\Debug\roles\WorkerRole1\approot\WAD0105\Configuration\Checkpoint.txt
DiagnosticsPlugin.exe Information: 0 : [1/8/2018 6:04:24 PM] Will use local resource directory d:\documents\users\margalda\documents\visual studio 2017\Projects\thoughts4food\thoughts4food\csx\Debug\roles\WorkerRole1\approot\WAD0105
DiagnosticsPlugin.exe Information: 0 : [1/8/2018 6:04:24 PM] Will use endpoint https://core.windows.net for storage.
DiagnosticsPlugin.exe Information: 0 : [1/8/2018 6:04:24 PM] Expanding path %SystemDrive%\inetpub\logs\LogFiles to C:\inetpub\logs\LogFiles
DiagnosticsPlugin.exe Information: 0 : [1/8/2018 6:04:24 PM] Expanding path %SystemDrive%\inetpub\logs\FailedReqLogFiles to C:\inetpub\logs\FailedReqLogFiles
DiagnosticsPlugin.exe Information: 0 : [1/8/2018 6:04:24 PM] Created IIS log watch item: "C:\inetpub\logs\LogFiles"
DiagnosticsPlugin.exe Information: 0 : [1/8/2018 6:04:24 PM] Created IIS failed requests watch item: "C:\inetpub\logs\FailedReqLogFiles"
DiagnosticsPlugin.exe Information: 0 : [1/8/2018 6:04:24 PM] Running in emulator mode, crash dumps not enabled
DiagnosticsPlugin.exe Information: 0 : [1/8/2018 6:04:24 PM] Checking to see if Application Insights extension needs to be configured.
DiagnosticsPlugin.exe Information: 0 : [1/8/2018 6:04:25 PM] In emulator mode and using devstore updating XStoreAccount info, command line args: -LocalPath "d:\documents\users\margalda\documents\visual studio 2017\Projects\thoughts4food\thoughts4food\csx\Debug\roles\WorkerRole1\approot\WAD0105"  -ConfigFile "d:\documents\users\margalda\documents\visual studio 2017\Projects\thoughts4food\thoughts4food\csx\Debug\roles\WorkerRole1\approot\WAD0105\Configuration\MaConfig.xml" -ShutDownEvent WADDM-ShutDown-5cfeb9c5a8a34ed39603bbba14442b97  -TotalShutDownEvent WADDM-TotalShutDown-5cfeb9c5a8a34ed39603bbba14442b97 -InitializedEvent WADM-StartUp-5cfeb9c5a8a34ed39603bbba14442b97 -parent 16372 -events -wadVer1v5 -UseProxyServer -XStoreAccounts WadAccount#true#devstoreaccount1#Eby8vdM02xNOcqFlqUwJPLlmEtlCDXJ1OUzFT50uSRZ6IFsuFq2UVErCz4I6tq/K1SZFPTOtr/KBHBeksoGMGw==#http://127.0.0.1:10002#http://127.0.0.1:10001#http://127.0.0.1:10000
DiagnosticsPlugin.exe Error: 0 : [1/8/2018 6:04:55 PM] Microsoft.Cis.Monitoring.Query.QueryException: ErrorFail
   at Microsoft.Cis.Monitoring.Query.QueryLocalTable..ctor(String TableName, String TablePath)
   at ApplicationInsightsExtension.MATableReader.ReadTableRecords(String tableName, String tablePath, DateTime startTime, DateTime endTime)
   at Microsoft.Azure.Plugins.Diagnostics.dll.MAStatusWriter.UpdateStatusReport(Object sender, ElapsedEventArgs e)
DiagnosticsPlugin.exe Information: 0 : [1/8/2018 6:05:25 PM] MonAgentHost.exe started
DiagnosticsPlugin.exe Information: 0 : [1/8/2018 6:05:25 PM] DiagnoticsPlugin started.
DiagnosticsPlugin.exe Information: 0 : [1/8/2018 6:05:25 PM] DiagnoticsPlugin now waiting on events "DiagnosticPlugin-ShutdownEvent", "DiagnosticPlugin-TotalShutdownEvent" or "DiagnosticPlugin-RestartEvent".
DiagnosticsPlugin.exe Error: 0 : [1/8/2018 6:05:25 PM] Microsoft.Cis.Monitoring.Query.QueryException: ErrorFail
   at Microsoft.Cis.Monitoring.Query.QueryLocalTable..ctor(String TableName, String TablePath)
   at ApplicationInsightsExtension.MATableReader.ReadTableRecords(String tableName, String tablePath, DateTime startTime, DateTime endTime)
   at Microsoft.Azure.Plugins.Diagnostics.dll.MAStatusWriter.UpdateStatusReport(Object sender, ElapsedEventArgs e)
DiagnosticsPlugin.exe Error: 0 : [1/8/2018 6:05:55 PM] Microsoft.Cis.Monitoring.Query.QueryException: ErrorFail
   at Microsoft.Cis.Monitoring.Query.QueryLocalTable..ctor(String TableName, String TablePath)
   at ApplicationInsightsExtension.MATableReader.ReadTableRecords(String tableName, String tablePath, DateTime startTime, DateTime endTime)
   at Microsoft.Azure.Plugins.Diagnostics.dll.MAStatusWriter.UpdateStatusReport(Object sender, ElapsedEventArgs e)
