DiagnosticsPlugin.exe Information: 0 : [28/02/2018 07:22:01] Starting DiagnosticPlugin.exe DiagnosticPlugin-ShutdownEvent DiagnosticPlugin-TotalShutdownEvent -wadVer1v5
DiagnosticsPlugin.exe Error: 0 : [28/02/2018 07:22:01] Failed to save IIS Directory state
DiagnosticsPlugin.exe Error: 0 : [28/02/2018 07:22:01] System.Runtime.InteropServices.COMException (0x80040154): Retrieving the COM class factory for component with CLSID {2B72133B-3F5B-4602-8952-803546CE3344} failed due to the following error: 80040154 Class not registered (Exception from HRESULT: 0x80040154 (REGDB_E_CLASSNOTREG)).
   at System.Runtime.Remoting.RemotingServices.AllocateUninitializedObject(RuntimeType objectType)
   at System.Runtime.Remoting.Activation.ActivationServices.CreateInstance(RuntimeType serverType)
   at System.Runtime.Remoting.Activation.ActivationServices.IsCurrentContextOK(RuntimeType serverType, Object[] props, Boolean bNewObj)
   at System.RuntimeTypeHandle.CreateInstance(RuntimeType type, Boolean publicOnly, Boolean noCheck, Boolean& canBeCached, RuntimeMethodHandleInternal& ctor, Boolean& bNeedSecurityCheck)
   at System.RuntimeType.CreateInstanceSlow(Boolean publicOnly, Boolean skipCheckThis, Boolean fillCache, StackCrawlMark& stackMark)
   at System.Activator.CreateInstance[T]()
   at Microsoft.Web.Administration.ConfigurationManager.CreateAdminManager[TClass,TInterface](WebConfigurationMap webConfigMap, Boolean isAdminConfig)
   at Microsoft.Web.Administration.ConfigurationManager.CreateConfiguration(WebConfigurationMap configMap, String configPathToEdit, Boolean isAdminConfig)
   at Microsoft.Web.Administration.ConfigurationManager.GetConfiguration(String rawConfigurationPath, String cacheKey, Boolean isAdminConfig)
   at Microsoft.Web.Administration.ServerManager.get_SitesSection()
   at Microsoft.Web.Administration.ServerManager.get_Sites()
   at Microsoft.Azure.Plugins.Plugin.DiagnosticsPluginManager.SaveIISDirectoryState()
DiagnosticsPlugin.exe Information: 0 : [28/02/2018 07:22:01] Starting DiagnosticsPlugin
DiagnosticsPlugin.exe Information: 0 : [28/02/2018 07:22:01] Emulator config file set to C:\Users\Daniel\Documents\GitHub\thoughts4food\thoughts4food\csx\Debug\roles\CalcWorker\approot\diagnostics.wadcfgx
DiagnosticsPlugin.exe Information: 0 : [28/02/2018 07:22:01] DiagnosticsStoreRootPath set to: C:\Users\Daniel\AppData\Local\dftmp\Resources\cc9b0d54-4117-40c9-9a77-3da9c140bbb4
DiagnosticsPlugin.exe Information: 0 : [28/02/2018 07:22:01] Loading config file: C:\Users\Daniel\Documents\GitHub\thoughts4food\thoughts4food\csx\Debug\roles\CalcWorker\approot\diagnostics.wadcfgx
DiagnosticsPlugin.exe Information: 0 : [28/02/2018 07:22:01] Config file to read: C:\Users\Daniel\Documents\GitHub\thoughts4food\thoughts4food\csx\Debug\roles\CalcWorker\approot\diagnostics.wadcfgx
DiagnosticsPlugin.exe Information: 0 : [28/02/2018 07:22:01] Checking VM Type
DiagnosticsPlugin.exe Information: 0 : [28/02/2018 07:22:01] Emulator config file set to C:\Users\Daniel\Documents\GitHub\thoughts4food\thoughts4food\csx\Debug\roles\CalcWorker\approot\diagnostics.wadcfgx
DiagnosticsPlugin.exe Information: 0 : [28/02/2018 07:22:01] Extension set to Emulator Mode
DiagnosticsPlugin.exe Information: 0 : [28/02/2018 07:22:01] Reading XML configuration file
DiagnosticsPlugin.exe Information: 0 : [28/02/2018 07:22:01] Bypassing private config decryption
DiagnosticsPlugin.exe Information: 0 : [28/02/2018 07:22:01] WadCfg is provided in initial configuration. Using that to initialize Diagnostics.
DiagnosticsPlugin.exe Information: 0 : [28/02/2018 07:22:01] <PublicConfig xmlns="http://schemas.microsoft.com/ServiceHosting/2010/10/DiagnosticsConfiguration">
  <WadCfg>
    <DiagnosticMonitorConfiguration overallQuotaInMB="4096" sinks="applicationInsights.errors">
      <DiagnosticInfrastructureLogs scheduledTransferLogLevelFilter="Error" />
      <Directories scheduledTransferPeriod="PT1M">
        <IISLogs containerName="wad-iis-logfiles" />
        <FailedRequestLogs containerName="wad-failedrequestlogs" />
      </Directories>
      <PerformanceCounters scheduledTransferPeriod="PT1M">
        <PerformanceCounterConfiguration counterSpecifier="\Memory\Available MBytes" sampleRate="PT3M" />
        <PerformanceCounterConfiguration counterSpecifier="\Web Service(_Total)\ISAPI Extension Requests/sec" sampleRate="PT3M" />
        <PerformanceCounterConfiguration counterSpecifier="\Web Service(_Total)\Bytes Total/Sec" sampleRate="PT3M" />
        <PerformanceCounterConfiguration counterSpecifier="\ASP.NET Applications(__Total__)\Requests/Sec" sampleRate="PT3M" />
        <PerformanceCounterConfiguration counterSpecifier="\ASP.NET Applications(__Total__)\Errors Total/Sec" sampleRate="PT3M" />
        <PerformanceCounterConfiguration counterSpecifier="\ASP.NET\Requests Queued" sampleRate="PT3M" />
        <PerformanceCounterConfiguration counterSpecifier="\ASP.NET\Requests Rejected" sampleRate="PT3M" />
        <PerformanceCounterConfiguration counterSpecifier="\Processor(_Total)\% Processor Time" sampleRate="PT3M" />
      </PerformanceCounters>
      <WindowsEventLog scheduledTransferPeriod="PT1M">
        <DataSource name="Application!*[System[(Level=1 or Level=2 or Level=3)]]" />
        <DataSource name="Windows Azure!*[System[(Level=1 or Level=2 or Level=3 or Level=4)]]" />
      </WindowsEventLog>
      <CrashDumps>
        <CrashDumpConfiguration processName="WaIISHost.exe" />
        <CrashDumpConfiguration processName="WaWorkerHost.exe" />
        <CrashDumpConfiguration processName="w3wp.exe" />
      </CrashDumps>
      <Logs scheduledTransferPeriod="PT1M" scheduledTransferLogLevelFilter="Error" />
    </DiagnosticMonitorConfiguration>
    <SinksConfig>
      <Sink name="applicationInsights">
        <ApplicationInsights>983aa9f6-41bc-46af-b482-e06f5779fff1</ApplicationInsights>
        <Channels>
          <Channel logLevel="Error" name="errors" />
        </Channels>
      </Sink>
    </SinksConfig>
  </WadCfg>
  <StorageAccount>devstoreaccount1</StorageAccount>
</PublicConfig>
DiagnosticsPlugin.exe Information: 0 : [28/02/2018 07:22:01] Private setting is loaded
DiagnosticsPlugin.exe Information: 0 : [28/02/2018 07:22:01] Is config json/xml loaded
DiagnosticsPlugin.exe Information: 0 : [28/02/2018 07:22:01] Checking if configuration needs to be fetched from the storage account and doing so if needed.
DiagnosticsPlugin.exe Information: 0 : [28/02/2018 07:22:03] Successfully created checkpoint file C:\Users\Daniel\AppData\Local\dftmp\Resources\cc9b0d54-4117-40c9-9a77-3da9c140bbb4\WAD0105\Configuration\Checkpoint.txt
DiagnosticsPlugin.exe Information: 0 : [28/02/2018 07:22:03] Will use local resource directory C:\Users\Daniel\AppData\Local\dftmp\Resources\cc9b0d54-4117-40c9-9a77-3da9c140bbb4\WAD0105
DiagnosticsPlugin.exe Information: 0 : [28/02/2018 07:22:03] Will use endpoint https://core.windows.net for storage.
DiagnosticsPlugin.exe Information: 0 : [28/02/2018 07:22:05] Exception in creating the ServerManager; is IIS installed?
 Error:System.Runtime.InteropServices.COMException (0x80040154): Retrieving the COM class factory for component with CLSID {2B72133B-3F5B-4602-8952-803546CE3344} failed due to the following error: 80040154 Class not registered (Exception from HRESULT: 0x80040154 (REGDB_E_CLASSNOTREG)).
   at System.Runtime.Remoting.RemotingServices.AllocateUninitializedObject(RuntimeType objectType)
   at System.Runtime.Remoting.Activation.ActivationServices.CreateInstance(RuntimeType serverType)
   at System.Runtime.Remoting.Activation.ActivationServices.IsCurrentContextOK(RuntimeType serverType, Object[] props, Boolean bNewObj)
   at System.RuntimeTypeHandle.CreateInstance(RuntimeType type, Boolean publicOnly, Boolean noCheck, Boolean& canBeCached, RuntimeMethodHandleInternal& ctor, Boolean& bNeedSecurityCheck)
   at System.RuntimeType.CreateInstanceSlow(Boolean publicOnly, Boolean skipCheckThis, Boolean fillCache, StackCrawlMark& stackMark)
   at System.Activator.CreateInstance[T]()
   at Microsoft.Web.Administration.ConfigurationManager.CreateAdminManager[TClass,TInterface](WebConfigurationMap webConfigMap, Boolean isAdminConfig)
   at Microsoft.Web.Administration.ConfigurationManager.CreateConfiguration(WebConfigurationMap configMap, String configPathToEdit, Boolean isAdminConfig)
   at Microsoft.Web.Administration.ConfigurationManager.GetConfiguration(String rawConfigurationPath, String cacheKey, Boolean isAdminConfig)
   at Microsoft.Web.Administration.ServerManager.get_SitesSection()
   at Microsoft.Web.Administration.ServerManager.get_Sites()
   at Microsoft.Azure.Plugins.Plugin.WadConfigProcessor.AddDirectories(EventsType mdsEvents, Directories wadDirectories)
DiagnosticsPlugin.exe Information: 0 : [28/02/2018 07:22:05] Running in emulator mode, crash dumps not enabled
DiagnosticsPlugin.exe Information: 0 : [28/02/2018 07:22:05] Checking to see if Application Insights extension needs to be configured.
DiagnosticsPlugin.exe Information: 0 : [28/02/2018 07:22:05] Adding Application Insights extension to MA config
DiagnosticsPlugin.exe Information: 0 : [28/02/2018 07:22:06] In emulator mode and using devstore updating XStoreAccount info, command line args: -LocalPath "C:\Users\Daniel\AppData\Local\dftmp\Resources\cc9b0d54-4117-40c9-9a77-3da9c140bbb4\WAD0105"  -ConfigFile "C:\Users\Daniel\AppData\Local\dftmp\Resources\cc9b0d54-4117-40c9-9a77-3da9c140bbb4\WAD0105\Configuration\MaConfig.xml" -ShutDownEvent WADDM-ShutDown-9ea9571f57dc421bb53314f2cf87d52e  -TotalShutDownEvent WADDM-TotalShutDown-9ea9571f57dc421bb53314f2cf87d52e -InitializedEvent WADM-StartUp-9ea9571f57dc421bb53314f2cf87d52e -parent 6740 -events -wadVer1v5 -UseProxyServer -XStoreAccounts WadAccount#true#devstoreaccount1#Eby8vdM02xNOcqFlqUwJPLlmEtlCDXJ1OUzFT50uSRZ6IFsuFq2UVErCz4I6tq/K1SZFPTOtr/KBHBeksoGMGw==#http://127.0.0.1:10002#http://127.0.0.1:10001#http://127.0.0.1:10000
DiagnosticsPlugin.exe Error: 0 : [28/02/2018 07:22:37] Microsoft.Cis.Monitoring.Query.QueryException: ErrorFail
   at Microsoft.Cis.Monitoring.Query.QueryLocalTable..ctor(String TableName, String TablePath)
   at ApplicationInsightsExtension.MATableReader.ReadTableRecords(String tableName, String tablePath, DateTime startTime, DateTime endTime)
   at Microsoft.Azure.Plugins.Diagnostics.dll.MAStatusWriter.UpdateStatusReport(Object sender, ElapsedEventArgs e)
DiagnosticsPlugin.exe Information: 0 : [28/02/2018 07:23:07] MonAgentHost.exe started
DiagnosticsPlugin.exe Information: 0 : [28/02/2018 07:23:07] DiagnoticsPlugin started.
DiagnosticsPlugin.exe Information: 0 : [28/02/2018 07:23:07] DiagnoticsPlugin now waiting on events "DiagnosticPlugin-ShutdownEvent", "DiagnosticPlugin-TotalShutdownEvent" or "DiagnosticPlugin-RestartEvent".
DiagnosticsPlugin.exe Error: 0 : [28/02/2018 07:23:07] Microsoft.Cis.Monitoring.Query.QueryException: ErrorFail
   at Microsoft.Cis.Monitoring.Query.QueryLocalTable..ctor(String TableName, String TablePath)
   at ApplicationInsightsExtension.MATableReader.ReadTableRecords(String tableName, String tablePath, DateTime startTime, DateTime endTime)
   at Microsoft.Azure.Plugins.Diagnostics.dll.MAStatusWriter.UpdateStatusReport(Object sender, ElapsedEventArgs e)
DiagnosticsPlugin.exe Error: 0 : [28/02/2018 07:23:37] Microsoft.Cis.Monitoring.Query.QueryException: ErrorFail
   at Microsoft.Cis.Monitoring.Query.QueryLocalTable..ctor(String TableName, String TablePath)
   at ApplicationInsightsExtension.MATableReader.ReadTableRecords(String tableName, String tablePath, DateTime startTime, DateTime endTime)
   at Microsoft.Azure.Plugins.Diagnostics.dll.MAStatusWriter.UpdateStatusReport(Object sender, ElapsedEventArgs e)
DiagnosticsPlugin.exe Information: 0 : [28/02/2018 07:24:01] Failed to update IIS Directory state in directory monitor
Retrieving the COM class factory for component with CLSID {2B72133B-3F5B-4602-8952-803546CE3344} failed due to the following error: 80040154 Class not registered (Exception from HRESULT: 0x80040154 (REGDB_E_CLASSNOTREG)).
DiagnosticsPlugin.exe Error: 0 : [28/02/2018 07:24:07] Microsoft.Cis.Monitoring.Query.QueryException: ErrorFail
   at Microsoft.Cis.Monitoring.Query.QueryLocalTable..ctor(String TableName, String TablePath)
   at ApplicationInsightsExtension.MATableReader.ReadTableRecords(String tableName, String tablePath, DateTime startTime, DateTime endTime)
   at Microsoft.Azure.Plugins.Diagnostics.dll.MAStatusWriter.UpdateStatusReport(Object sender, ElapsedEventArgs e)
